<?xml version="1.0" encoding="UTF-8"?>
<!-- Generated by org.testng.reporters.JUnitReportReporter -->
<testsuite hostname="NIRMALENDU" failures="0" tests="2" name="Interview.DemoProjectNirmalenduDas.ValidateSaveMyProfileButton" time="4.341" errors="0" timestamp="2021-09-11T02:42:06 IST" skipped="0">
  <testcase classname="Interview.DemoProjectNirmalenduDas.ValidateSaveMyProfileButton" name="validateSaveMyProfileButtonDisablity" time="4.134"/>
  <system-out/>
  <testcase classname="Interview.DemoProjectNirmalenduDas.ValidateSaveMyProfileButton" name="validateSaveMyProfileButtonEnableIfAnyFieldIsNonEmpty" time="0.207"/>
  <system-out/>
</testsuite> <!-- Interview.DemoProjectNirmalenduDas.ValidateSaveMyProfileButton -->
