<?xml version="1.0" encoding="UTF-8"?>
<!-- Generated by org.testng.reporters.JUnitReportReporter -->
<testsuite hostname="NIRMALENDU" failures="0" tests="1" name="Interview.DemoProjectNirmalenduDas.ClearProfileData" time="0.214" errors="0" timestamp="2021-09-10T16:53:31 IST" skipped="0">
  <testcase classname="Interview.DemoProjectNirmalenduDas.ClearProfileData" name="clearAllProfileData" time="0.214"/>
  <system-out/>
</testsuite> <!-- Interview.DemoProjectNirmalenduDas.ClearProfileData -->
