<?xml version="1.0" encoding="UTF-8"?>
<!-- Generated by org.testng.reporters.JUnitReportReporter -->
<testsuite hostname="NIRMALENDU" failures="0" tests="1" name="Interview.DemoProjectNirmalenduDas.MyProfileLandingPage" time="53.710" errors="0" timestamp="2021-09-09T22:25:11 IST" skipped="0">
  <testcase classname="Interview.DemoProjectNirmalenduDas.MyProfileLandingPage" name="ProfilePageNavigation" time="53.710"/>
  <system-out/>
</testsuite> <!-- Interview.DemoProjectNirmalenduDas.MyProfileLandingPage -->
