<?xml version="1.0" encoding="UTF-8"?>
<!-- Generated by org.testng.reporters.JUnitReportReporter -->
<testsuite hostname="NIRMALENDU" failures="0" tests="1" name="Interview.DemoProjectNirmalenduDas.WordPressProfilePageValidationPage" time="7.709" errors="0" timestamp="2021-09-11T02:42:06 IST" skipped="0">
  <testcase classname="Interview.DemoProjectNirmalenduDas.WordPressProfilePageValidationPage" name="hideGravtarProfileLabelText" time="7.709"/>
  <system-out/>
</testsuite> <!-- Interview.DemoProjectNirmalenduDas.WordPressProfilePageValidationPage -->
