<?xml version="1.0" encoding="UTF-8"?>
<!-- Generated by org.testng.reporters.JUnitReportReporter -->
<testsuite hostname="NIRMALENDU" failures="0" tests="1" name="Interview.DemoProjectNirmalenduDas.testpath" time="14.094" errors="0" timestamp="2021-09-15T04:35:42 IST" skipped="0">
  <testcase classname="Interview.DemoProjectNirmalenduDas.testpath" name="testmethod" time="14.094"/>
  <system-out/>
</testsuite> <!-- Interview.DemoProjectNirmalenduDas.testpath -->
